  main.cpp
main.cpp(468): warning C4244: 'argument': conversion from 'double' to 'GLfloat', possible loss of data
main.cpp(469): warning C4244: 'argument': conversion from 'double' to 'GLfloat', possible loss of data
main.cpp(472): warning C4244: 'argument': conversion from 'double' to 'GLfloat', possible loss of data
main.cpp(473): warning C4244: 'argument': conversion from 'double' to 'GLfloat', possible loss of data
main.cpp(478): warning C4244: 'argument': conversion from 'double' to 'GLfloat', possible loss of data
main.cpp(479): warning C4244: 'argument': conversion from 'double' to 'GLfloat', possible loss of data
main.cpp(482): warning C4244: 'argument': conversion from 'double' to 'GLfloat', possible loss of data
main.cpp(483): warning C4244: 'argument': conversion from 'double' to 'GLfloat', possible loss of data
main.cpp(556): warning C4244: 'argument': conversion from 'double' to 'GLfloat', possible loss of data
main.cpp(557): warning C4244: 'argument': conversion from 'double' to 'GLfloat', possible loss of data
main.cpp(560): warning C4244: 'argument': conversion from 'double' to 'GLfloat', possible loss of data
main.cpp(561): warning C4244: 'argument': conversion from 'double' to 'GLfloat', possible loss of data
main.cpp(564): warning C4244: 'argument': conversion from 'double' to 'GLfloat', possible loss of data
main.cpp(565): warning C4244: 'argument': conversion from 'double' to 'GLfloat', possible loss of data
main.cpp(568): warning C4244: 'argument': conversion from 'double' to 'GLfloat', possible loss of data
main.cpp(569): warning C4244: 'argument': conversion from 'double' to 'GLfloat', possible loss of data
main.cpp(572): warning C4244: 'argument': conversion from 'double' to 'GLfloat', possible loss of data
main.cpp(573): warning C4244: 'argument': conversion from 'double' to 'GLfloat', possible loss of data
main.cpp(576): warning C4244: 'argument': conversion from 'double' to 'GLfloat', possible loss of data
main.cpp(577): warning C4244: 'argument': conversion from 'double' to 'GLfloat', possible loss of data
main.cpp(597): warning C4244: 'argument': conversion from 'double' to 'GLfloat', possible loss of data
main.cpp(601): warning C4244: 'argument': conversion from 'double' to 'GLfloat', possible loss of data
main.cpp(609): warning C4244: 'argument': conversion from 'double' to 'GLfloat', possible loss of data
main.cpp(613): warning C4244: 'argument': conversion from 'double' to 'GLfloat', possible loss of data
main.cpp(621): warning C4244: 'argument': conversion from 'double' to 'GLfloat', possible loss of data
main.cpp(625): warning C4244: 'argument': conversion from 'double' to 'GLfloat', possible loss of data
main.cpp(634): warning C4244: 'argument': conversion from 'double' to 'GLfloat', possible loss of data
main.cpp(638): warning C4244: 'argument': conversion from 'double' to 'GLfloat', possible loss of data
main.cpp(642): warning C4244: 'argument': conversion from 'double' to 'GLfloat', possible loss of data
main.cpp(650): warning C4244: 'argument': conversion from 'double' to 'GLfloat', possible loss of data
main.cpp(655): warning C4244: 'argument': conversion from 'double' to 'GLfloat', possible loss of data
main.cpp(683): warning C4244: 'initializing': conversion from 'double' to 'float', possible loss of data
main.cpp(684): warning C4244: '=': conversion from 'int' to 'float', possible loss of data
  Generating code
  All 29 functions were compiled because no usable IPDB/IOBJ from previous compilation was found.
  Finished generating code
  Sampling.vcxproj -> C:\Users\Seth\Documents\Visual Studio 2017\Projects\Sampling\Release\Sampling.exe
